
**** Build of configuration Debug for project RMP ****

"D:\\Program_Files_x86\\TI\\ccs740\\ccsv7\\utils\\bin\\gmake" -k -j 8 all -O 
 
'Building file: "F:/Code_Library/MCU/Mutatus/M5P1_MuProkaron/MProkaron/Platform/MSP430/platform_msp430_asm.s"'
'Invoking: MSP430 Compiler'
"D:/Program_Files_x86/TI/ccs740/ccsv7/tools/compiler/ti-cgt-msp430_16.9.6.LTS/bin/cl430" -vmspx --code_model=large --data_model=large --use_hw_mpy=F5 --include_path="D:/Program_Files_x86/TI/ccs740/ccsv7/ccs_base/msp430/include" --include_path="F:/Code_Library/MCU/Mutatus/M5P1_MuProkaron/Project/CCS-MSP430FR5994/RMP" --include_path="F:/Code_Library/MCU/Mutatus/M5P1_MuProkaron/MProkaron/Include" --include_path="D:/Program_Files_x86/TI/ccs740/ccsv7/tools/compiler/ti-cgt-msp430_16.9.6.LTS/include" --advice:power="all" --advice:hw_config="all" --define=__MSP430FR5994__ --define=_MPU_ENABLE -g --printf_support=minimal --diag_warning=225 --diag_wrap=off --display_error_number --silicon_errata=CPU21 --silicon_errata=CPU22 --silicon_errata=CPU40 --preproc_with_compile --preproc_dependency="Platform/platform_msp430_asm.d_raw" --obj_directory="Platform"  "F:/Code_Library/MCU/Mutatus/M5P1_MuProkaron/MProkaron/Platform/MSP430/platform_msp430_asm.s"
'Finished building: "F:/Code_Library/MCU/Mutatus/M5P1_MuProkaron/MProkaron/Platform/MSP430/platform_msp430_asm.s"'
 
'Building file: "F:/Code_Library/MCU/Mutatus/M5P1_MuProkaron/MProkaron/Platform/MSP430/platform_msp430.c"'
'Invoking: MSP430 Compiler'
"D:/Program_Files_x86/TI/ccs740/ccsv7/tools/compiler/ti-cgt-msp430_16.9.6.LTS/bin/cl430" -vmspx --code_model=large --data_model=large --use_hw_mpy=F5 --include_path="D:/Program_Files_x86/TI/ccs740/ccsv7/ccs_base/msp430/include" --include_path="F:/Code_Library/MCU/Mutatus/M5P1_MuProkaron/Project/CCS-MSP430FR5994/RMP" --include_path="F:/Code_Library/MCU/Mutatus/M5P1_MuProkaron/MProkaron/Include" --include_path="D:/Program_Files_x86/TI/ccs740/ccsv7/tools/compiler/ti-cgt-msp430_16.9.6.LTS/include" --advice:power="all" --advice:hw_config="all" --define=__MSP430FR5994__ --define=_MPU_ENABLE -g --printf_support=minimal --diag_warning=225 --diag_wrap=off --display_error_number --silicon_errata=CPU21 --silicon_errata=CPU22 --silicon_errata=CPU40 --preproc_with_compile --preproc_dependency="Platform/platform_msp430.d_raw" --obj_directory="Platform"  "F:/Code_Library/MCU/Mutatus/M5P1_MuProkaron/MProkaron/Platform/MSP430/platform_msp430.c"
"F:/Code_Library/MCU/Mutatus/M5P1_MuProkaron/MProkaron/Platform/MSP430/platform_msp430.c", line 134: remark #1527-D: (ULP 2.1) Detected SW delay loop using empty loop. Recommend using a timer module instead
'Finished building: "F:/Code_Library/MCU/Mutatus/M5P1_MuProkaron/MProkaron/Platform/MSP430/platform_msp430.c"'
 
'Building target: "RMP.out"'
'Invoking: MSP430 Linker'
"D:/Program_Files_x86/TI/ccs740/ccsv7/tools/compiler/ti-cgt-msp430_16.9.6.LTS/bin/cl430" -vmspx --code_model=large --data_model=large --use_hw_mpy=F5 --advice:power="all" --advice:hw_config="all" --define=__MSP430FR5994__ --define=_MPU_ENABLE -g --printf_support=minimal --diag_warning=225 --diag_wrap=off --display_error_number --silicon_errata=CPU21 --silicon_errata=CPU22 --silicon_errata=CPU40 -z -m"RMP.map" --heap_size=160 --stack_size=160 --cinit_hold_wdt=on -i"D:/Program_Files_x86/TI/ccs740/ccsv7/ccs_base/msp430/include" -i"D:/Program_Files_x86/TI/ccs740/ccsv7/ccs_base/msp430/lib/5xx_6xx_FRxx" -i"D:/Program_Files_x86/TI/ccs740/ccsv7/ccs_base/msp430/lib/FR59xx" -i"D:/Program_Files_x86/TI/ccs740/ccsv7/tools/compiler/ti-cgt-msp430_16.9.6.LTS/lib" -i"D:/Program_Files_x86/TI/ccs740/ccsv7/tools/compiler/ti-cgt-msp430_16.9.6.LTS/include" --priority --reread_libs --define=_MPU_ENABLE --diag_wrap=off --display_error_number --warn_sections --xml_link_info="RMP_linkInfo.xml" --use_hw_mpy=F5 --rom_model -o "RMP.out" "./Benchmark/test.obj" "./Kernel/kernel.obj" "./Platform/platform_msp430.obj" "./Platform/platform_msp430_asm.obj" "../lnk_msp430fr5994.cmd"  -llibmpu_init.a -llibmath.a -llibc.a 
<Linking>
warning #10420-D: For FRAM devices, at start up, the GPIO power-on default high-impedance mode needs to be disabled to activate previously configured port settings. This can be done by clearing the LOCKLPM5 bit in PM5CTL0 register.
remark #10371-D: (ULP 1.1) Detected no uses of low power mode state changing instructions
remark #10372-D: (ULP 4.1) Detected uninitialized Port 1 in this project. Recommend initializing all unused ports to eliminate wasted current consumption on unused pins.
remark #10372-D: (ULP 4.1) Detected uninitialized Port 2 in this project. Recommend initializing all unused ports to eliminate wasted current consumption on unused pins.
remark #10372-D: (ULP 4.1) Detected uninitialized Port 3 in this project. Recommend initializing all unused ports to eliminate wasted current consumption on unused pins.
remark #10372-D: (ULP 4.1) Detected uninitialized Port 4 in this project. Recommend initializing all unused ports to eliminate wasted current consumption on unused pins.
remark #10372-D: (ULP 4.1) Detected uninitialized Port 5 in this project. Recommend initializing all unused ports to eliminate wasted current consumption on unused pins.
remark #10372-D: (ULP 4.1) Detected uninitialized Port 6 in this project. Recommend initializing all unused ports to eliminate wasted current consumption on unused pins.
remark #10372-D: (ULP 4.1) Detected uninitialized Port 7 in this project. Recommend initializing all unused ports to eliminate wasted current consumption on unused pins.
remark #10372-D: (ULP 4.1) Detected uninitialized Port 8 in this project. Recommend initializing all unused ports to eliminate wasted current consumption on unused pins.
remark #10372-D: (ULP 4.1) Detected uninitialized Port A in this project. Recommend initializing all unused ports to eliminate wasted current consumption on unused pins.
remark #10372-D: (ULP 4.1) Detected uninitialized Port B in this project. Recommend initializing all unused ports to eliminate wasted current consumption on unused pins.
remark #10372-D: (ULP 4.1) Detected uninitialized Port C in this project. Recommend initializing all unused ports to eliminate wasted current consumption on unused pins.
remark #10372-D: (ULP 4.1) Detected uninitialized Port D in this project. Recommend initializing all unused ports to eliminate wasted current consumption on unused pins.
remark #10436-D: (ULP 6.3) Detected use of a device with a Low Energy Accelerator (LEA) but application does not appear to use LEA. Recommend offloading vector math and signal processing to LEA for improved performance.
'Finished building target: "RMP.out"'
 

**** Build Finished ****
