19:41:54 **** Incremental Build of configuration Debug for project RMP ****
make all 
make --no-print-directory pre-build
../copy.sh
 
make --no-print-directory main-build
Building file: /media/pry/Code/Code_Library/MCU/Mutatus/M5P1_MuProkaron/MProkaron/Platform/RV32IMAC/rmp_platform_rv32imac.c
Invoking: GNU RISC-V Cross C Compiler
riscv64-unknown-elf-gcc -march=rv32imac -mabi=ilp32 -mcmodel=medany -msmall-data-limit=8 -O3 -fmessage-length=0 -fsigned-char -ffunction-sections -fdata-sections -ffreestanding -fno-builtin -fno-move-loop-invariants -Wunused -Wuninitialized -Wall -Wmissing-declarations -Wpointer-arith -Wpadded -Wshadow -Wlogical-op -Waggregate-return -Wfloat-equal -Wno-sign-conversion -Wno-implicit-fallthrough  -g3 -DDEBUG -DTRACE -DOS_USE_TRACE_UART0 -DSIFIVE_FE310 -DSIFIVE_HIFIVE1_BOARD -I"/media/pry/Code/Code_Library/MCU/Mutatus/M5P1_MuProkaron/Project/FreedomStudio-FE310-G000/../../MProkaron/Include" -I/media/pry/Code/Code_Library/MCU/Mutatus/M0P0_Library/FE310-G000/include -I/media/pry/Code/Code_Library/MCU/Mutatus/M0P0_Library/FE310-G000/drivers -I/media/pry/Code/Code_Library/MCU/Mutatus/M0P0_Library/FE310-G000/env/freedom-e300-hifive1 -I/media/pry/Code/Code_Library/MCU/Mutatus/M0P0_Library/FE310-G000/env -Wbad-function-cast -Wno-missing-declarations -MMD -MP -MF"Platform/rmp_platform_rv32imac.d" -MT"Platform/rmp_platform_rv32imac.o" -c -o "Platform/rmp_platform_rv32imac.o" "/media/pry/Code/Code_Library/MCU/Mutatus/M5P1_MuProkaron/MProkaron/Platform/RV32IMAC/rmp_platform_rv32imac.c"
Finished building: /media/pry/Code/Code_Library/MCU/Mutatus/M5P1_MuProkaron/MProkaron/Platform/RV32IMAC/rmp_platform_rv32imac.c
 
Building file: /media/pry/Code/Code_Library/MCU/Mutatus/M5P1_MuProkaron/MProkaron/Kernel/rmp_kernel.c
Invoking: GNU RISC-V Cross C Compiler
riscv64-unknown-elf-gcc -march=rv32imac -mabi=ilp32 -mcmodel=medany -msmall-data-limit=8 -O3 -fmessage-length=0 -fsigned-char -ffunction-sections -fdata-sections -ffreestanding -fno-builtin -fno-move-loop-invariants -Wunused -Wuninitialized -Wall -Wmissing-declarations -Wpointer-arith -Wpadded -Wshadow -Wlogical-op -Waggregate-return -Wfloat-equal -Wno-sign-conversion -Wno-implicit-fallthrough  -g3 -DDEBUG -DTRACE -DOS_USE_TRACE_UART0 -DSIFIVE_FE310 -DSIFIVE_HIFIVE1_BOARD -I"/media/pry/Code/Code_Library/MCU/Mutatus/M5P1_MuProkaron/Project/FreedomStudio-FE310-G000/../../MProkaron/Include" -I/media/pry/Code/Code_Library/MCU/Mutatus/M0P0_Library/FE310-G000/include -I/media/pry/Code/Code_Library/MCU/Mutatus/M0P0_Library/FE310-G000/drivers -I/media/pry/Code/Code_Library/MCU/Mutatus/M0P0_Library/FE310-G000/env/freedom-e300-hifive1 -I/media/pry/Code/Code_Library/MCU/Mutatus/M0P0_Library/FE310-G000/env -Wbad-function-cast -Wno-missing-declarations -MMD -MP -MF"Kernel/rmp_kernel.d" -MT"Kernel/rmp_kernel.o" -c -o "Kernel/rmp_kernel.o" "/media/pry/Code/Code_Library/MCU/Mutatus/M5P1_MuProkaron/MProkaron/Kernel/rmp_kernel.c"
Finished building: /media/pry/Code/Code_Library/MCU/Mutatus/M5P1_MuProkaron/MProkaron/Kernel/rmp_kernel.c
 
Building file: /media/pry/Code/Code_Library/MCU/Mutatus/M5P1_MuProkaron/MProkaron/Benchmark/rmp_test.c
Invoking: GNU RISC-V Cross C Compiler
riscv64-unknown-elf-gcc -march=rv32imac -mabi=ilp32 -mcmodel=medany -msmall-data-limit=8 -O3 -fmessage-length=0 -fsigned-char -ffunction-sections -fdata-sections -ffreestanding -fno-builtin -fno-move-loop-invariants -Wunused -Wuninitialized -Wall -Wmissing-declarations -Wpointer-arith -Wpadded -Wshadow -Wlogical-op -Waggregate-return -Wfloat-equal -Wno-sign-conversion -Wno-implicit-fallthrough  -g3 -DDEBUG -DTRACE -DOS_USE_TRACE_UART0 -DSIFIVE_FE310 -DSIFIVE_HIFIVE1_BOARD -I"/media/pry/Code/Code_Library/MCU/Mutatus/M5P1_MuProkaron/Project/FreedomStudio-FE310-G000/../../MProkaron/Include" -I/media/pry/Code/Code_Library/MCU/Mutatus/M0P0_Library/FE310-G000/include -I/media/pry/Code/Code_Library/MCU/Mutatus/M0P0_Library/FE310-G000/drivers -I/media/pry/Code/Code_Library/MCU/Mutatus/M0P0_Library/FE310-G000/env/freedom-e300-hifive1 -I/media/pry/Code/Code_Library/MCU/Mutatus/M0P0_Library/FE310-G000/env -Wbad-function-cast -Wno-missing-declarations -MMD -MP -MF"Benchmark/rmp_test.d" -MT"Benchmark/rmp_test.o" -c -o "Benchmark/rmp_test.o" "/media/pry/Code/Code_Library/MCU/Mutatus/M5P1_MuProkaron/MProkaron/Benchmark/rmp_test.c"
Finished building: /media/pry/Code/Code_Library/MCU/Mutatus/M5P1_MuProkaron/MProkaron/Benchmark/rmp_test.c
 
Building target: RMP.elf
Invoking: GNU RISC-V Cross C++ Linker
riscv64-unknown-elf-g++ -march=rv32imac -mabi=ilp32 -mcmodel=medany -msmall-data-limit=8 -O3 -fmessage-length=0 -fsigned-char -ffunction-sections -fdata-sections -ffreestanding -fno-builtin -fno-move-loop-invariants -Wunused -Wuninitialized -Wall -Wmissing-declarations -Wpointer-arith -Wpadded -Wshadow -Wlogical-op -Waggregate-return -Wfloat-equal -Wno-sign-conversion -Wno-implicit-fallthrough  -g3 -T "/media/pry/Code/Code_Library/MCU/Mutatus/M5P1_MuProkaron/Project/FreedomStudio-FE310-G000/RMP/rmp_platform_FE310-G000.ld" -nostartfiles -Xlinker --gc-sections -Wl,-Map,"RMP.map" --specs=nano.specs --specs=nosys.specs -o "RMP.elf"  ./Platform/fe300prci_driver.o ./Platform/plic_driver.o ./Platform/rmp_platform_rv32imac.o ./Platform/rmp_platform_rv32imac_asm.o  ./Kernel/rmp_kernel.o  ./Benchmark/rmp_test.o   
Finished building target: RMP.elf
 
Invoking: GNU RISC-V Cross Create Flash Image
riscv64-unknown-elf-objcopy -O ihex "RMP.elf"  "RMP.hex"
Finished building: RMP.hex
 
Invoking: GNU RISC-V Cross Print Size
riscv64-unknown-elf-size --format=berkeley "RMP.elf"
   text	   data	    bss	    dec	    hex	filename
   8622	     20	   7212	  15854	   3dee	RMP.elf
Finished building: RMP.siz
 

19:41:55 Build Finished (took 1s.521ms)

