Yield: 220 cycles.
Mailbox: 481 cycles.
Semaphore: 418 cycles.
Memory: 294 cycles.
Mailbox-ISR: 417 cycles.
Semaphore-ISR: 371 cycles.
379:294064
387:60096
393:233968
399:3
418:20001
425:1
449:5
453:13
459:1
462:1
470:1
475:11
508:100203
512:100203
519:20094
526:80109
558:92
563:46055
570:1200
576:13
582:1187
585:44981
589:102
594:46096
623:20058
630:20057
634:1
637:193798
658:40070
667:40052
671:18
674:1
691:40069
695:40056
699:13
707:40058
711:11
714:6
738:2
742:3
771:1
775:39
779:2
783:37
788:1
792:36
798:2
803:34
838:1
842:38
848:5
853:33
862:1
866:1
879:21
888:1
892:3
895:4
900:1
903:2
907:3
910:7
923:9
927:24
935:24
956:1
960:13
965:1
969:12
975:1
980:11
985:6
990:5
993:3
1001:2
1004:1
1008:3
1012:3
1016:5
1020:3
1024:2
1028:3
1032:2
1051:1
1055:11
1061:1
1066:10
1071:1
1076:9
1082:7
1086:2
1094:5
1098:4
1118:1
1122:5
1128:1
1133:4
1138:3
1146:2
1150:1
1156:1
1180:1
1184:10023
1190:1
1195:10022
1200:1
1205:10021
1212:12
1217:3
1222:9
1230:4
1236:5
1244:10009
1250:10003
1255:1
1259:10002
1266:6
1295:1
1299:10006
1303:1
1307:10005
1312:1
1317:10004
1323:10003
1328:1
1332:10002
1342:10002
1347:1
1350:1
1373:1
1377:20016
1385:2
1393:1
1397:1
1407:5
1422:20011
1427:1
1435:20010
1439:1
1444:20009
1451:4
1457:20005
1488:2
1492:16
1519:1
1523:2
1530:1
1535:1
1561:1
1565:9
1571:1
1576:8
1581:1
1586:7
1612:1
1616:7
1622:1
1627:6
1637:1
1641:1
1668:1
1672:20013
1678:1
1683:20012
1688:1
1695:20011
1699:1
1704:20010
1712:5
1718:20005
1742:1
1746:4
1752:1
1757:3
1763:1
1768:2
1774:1
1778:1
1804:2
1808:10006
1814:1
1819:10005
1824:2
1829:10003
1840:1
1844:10000
1875:1
1879:10006
1883:1
1887:10005
1892:1
1896:10004
1906:1
1910:10002
1919:10002
1924:1
2172:2
2176:2
2181:1
2185:1
2286:180148
2291:168
2335:180147
2340:168
2372:30005
2378:20004
2383:10001
2386:60077
2392:5
2396:90077
2404:15
2413:90062
2421:90060
2429:50005
2458:2
2462:90082
2472:7
2476:90075
2489:90074
2500:1
2529:2
2533:90007
2539:1
2543:90006
2549:1
2553:90005
2562:90004
2566:54888
2573:35116
2576:1
2582:70002
2588:35116
2599:34886
2602:20003
2608:54889
2613:35116
2655:1
2659:252
2664:1
2668:251
2673:1
2678:250
2684:1
2688:249
2695:1
2699:248
2711:5
2715:243
2721:241
2725:239
2729:237
2733:235
2742:234
2755:1
2767:2
2771:2
2775:2
2781:5
2785:1
2797:7
2802:2
2806:5
2811:2
2816:1
2836:1
2839:3
2845:3
2850:1
