21:20:34 **** Build of configuration Debug for project RMP ****
make all 
make --no-print-directory pre-build
../copy.sh
 
make --no-print-directory main-build
Building file: /media/pry/Code/Code_Library/MCU/Mutatus/M5P1_MuProkaron/MProkaron/Benchmark/rmp_test.c
Invoking: Cross GCC Compiler
arm-none-eabi-gcc -DSTM32F767xx -DUSE_HAL_DRIVER -I"/media/pry/Code/Code_Library/MCU/Mutatus/M5P1_MuProkaron/Project/ECLIPSE-GCC-STM32F767IGT6-RVM/../../MProkaron/Include" -I"/media/pry/Code/Code_Library/MCU/Mutatus/M5P1_MuProkaron/Project/ECLIPSE-GCC-STM32F767IGT6-RVM/../../MProkaron/Include/Platform/CortexM_RVM" -I"/media/pry/Code/Code_Library/MCU/Mutatus/M5P1_MuProkaron/Project/ECLIPSE-GCC-STM32F767IGT6-RVM/../../../M0P0_Library/STM32Cube_FW_F7_V1.11.0/Drivers/STM32F7xx_HAL_Driver/Inc" -I"/media/pry/Code/Code_Library/MCU/Mutatus/M5P1_MuProkaron/Project/ECLIPSE-GCC-STM32F767IGT6-RVM/../../../M0P0_Library/STM32Cube_FW_F7_V1.11.0/Drivers/STM32F7xx_HAL_Driver/Inc/Conf" -I"/media/pry/Code/Code_Library/MCU/Mutatus/M5P1_MuProkaron/Project/ECLIPSE-GCC-STM32F767IGT6-RVM/../../../M0P0_Library/STM32Cube_FW_F7_V1.11.0/Drivers/CMSIS/Device/ST/STM32F7xx/Include" -I"/media/pry/Code/Code_Library/MCU/Mutatus/M5P1_MuProkaron/Project/ECLIPSE-GCC-STM32F767IGT6-RVM/../../../M0P0_Library/STM32Cube_FW_F7_V1.11.0/Drivers/CMSIS/Include" -I"/media/pry/Code/Code_Library/MCU/Mutatus/M5P1_MuProkaron/Project/ECLIPSE-GCC-STM32F767IGT6-RVM/../../../M7M2_MuAmmonite/MAmmonite/Guest/CortexM" -O3 -g3 -Wall -mcpu=cortex-m7 -mthumb -mfpu=fpv4-sp-d16 -mfloat-abi=softfp -mno-unaligned-access -c -fmessage-length=0 -ffreestanding  -fomit-frame-pointer -ffunction-sections -fdata-sections -fno-strict-aliasing -MMD -MP -MF"User/rmp_test.d" -MT"User/rmp_test.o" -o "User/rmp_test.o" "/media/pry/Code/Code_Library/MCU/Mutatus/M5P1_MuProkaron/MProkaron/Benchmark/rmp_test.c"
Finished building: /media/pry/Code/Code_Library/MCU/Mutatus/M5P1_MuProkaron/MProkaron/Benchmark/rmp_test.c
 
Building file: /media/pry/Code/Code_Library/MCU/Mutatus/M5P1_MuProkaron/MProkaron/Platform/CortexM_RVM/rmp_platform_cmx_rvm.c
Invoking: Cross GCC Compiler
arm-none-eabi-gcc -DSTM32F767xx -DUSE_HAL_DRIVER -I"/media/pry/Code/Code_Library/MCU/Mutatus/M5P1_MuProkaron/Project/ECLIPSE-GCC-STM32F767IGT6-RVM/../../MProkaron/Include" -I"/media/pry/Code/Code_Library/MCU/Mutatus/M5P1_MuProkaron/Project/ECLIPSE-GCC-STM32F767IGT6-RVM/../../MProkaron/Include/Platform/CortexM_RVM" -I"/media/pry/Code/Code_Library/MCU/Mutatus/M5P1_MuProkaron/Project/ECLIPSE-GCC-STM32F767IGT6-RVM/../../../M0P0_Library/STM32Cube_FW_F7_V1.11.0/Drivers/STM32F7xx_HAL_Driver/Inc" -I"/media/pry/Code/Code_Library/MCU/Mutatus/M5P1_MuProkaron/Project/ECLIPSE-GCC-STM32F767IGT6-RVM/../../../M0P0_Library/STM32Cube_FW_F7_V1.11.0/Drivers/STM32F7xx_HAL_Driver/Inc/Conf" -I"/media/pry/Code/Code_Library/MCU/Mutatus/M5P1_MuProkaron/Project/ECLIPSE-GCC-STM32F767IGT6-RVM/../../../M0P0_Library/STM32Cube_FW_F7_V1.11.0/Drivers/CMSIS/Device/ST/STM32F7xx/Include" -I"/media/pry/Code/Code_Library/MCU/Mutatus/M5P1_MuProkaron/Project/ECLIPSE-GCC-STM32F767IGT6-RVM/../../../M0P0_Library/STM32Cube_FW_F7_V1.11.0/Drivers/CMSIS/Include" -I"/media/pry/Code/Code_Library/MCU/Mutatus/M5P1_MuProkaron/Project/ECLIPSE-GCC-STM32F767IGT6-RVM/../../../M7M2_MuAmmonite/MAmmonite/Guest/CortexM" -O3 -g3 -Wall -mcpu=cortex-m7 -mthumb -mfpu=fpv4-sp-d16 -mfloat-abi=softfp -mno-unaligned-access -c -fmessage-length=0 -ffreestanding  -fomit-frame-pointer -ffunction-sections -fdata-sections -fno-strict-aliasing -MMD -MP -MF"Platform/rmp_platform_cmx_rvm.d" -MT"Platform/rmp_platform_cmx_rvm.o" -o "Platform/rmp_platform_cmx_rvm.o" "/media/pry/Code/Code_Library/MCU/Mutatus/M5P1_MuProkaron/MProkaron/Platform/CortexM_RVM/rmp_platform_cmx_rvm.c"
Finished building: /media/pry/Code/Code_Library/MCU/Mutatus/M5P1_MuProkaron/MProkaron/Platform/CortexM_RVM/rmp_platform_cmx_rvm.c
 
Building file: /media/pry/Code/Code_Library/MCU/Mutatus/M5P1_MuProkaron/MProkaron/Platform/CortexM_RVM/rmp_platform_cmx_rvm_asm_gcc.S
Invoking: Cross GCC Assembler
arm-none-eabi-gcc -mcpu=cortex-m7 -mthumb -mfpu=fpv4-sp-d16 -mfloat-abi=softfp -c -o "Platform/rmp_platform_cmx_rvm_asm_gcc.o" "/media/pry/Code/Code_Library/MCU/Mutatus/M5P1_MuProkaron/MProkaron/Platform/CortexM_RVM/rmp_platform_cmx_rvm_asm_gcc.S"
Finished building: /media/pry/Code/Code_Library/MCU/Mutatus/M5P1_MuProkaron/MProkaron/Platform/CortexM_RVM/rmp_platform_cmx_rvm_asm_gcc.S
 
Building file: /media/pry/Code/Code_Library/MCU/Mutatus/M7M2_MuAmmonite/MAmmonite/Guest/CortexM/rvm_guest_cmx.c
Invoking: Cross GCC Compiler
arm-none-eabi-gcc -DSTM32F767xx -DUSE_HAL_DRIVER -I"/media/pry/Code/Code_Library/MCU/Mutatus/M5P1_MuProkaron/Project/ECLIPSE-GCC-STM32F767IGT6-RVM/../../MProkaron/Include" -I"/media/pry/Code/Code_Library/MCU/Mutatus/M5P1_MuProkaron/Project/ECLIPSE-GCC-STM32F767IGT6-RVM/../../MProkaron/Include/Platform/CortexM_RVM" -I"/media/pry/Code/Code_Library/MCU/Mutatus/M5P1_MuProkaron/Project/ECLIPSE-GCC-STM32F767IGT6-RVM/../../../M0P0_Library/STM32Cube_FW_F7_V1.11.0/Drivers/STM32F7xx_HAL_Driver/Inc" -I"/media/pry/Code/Code_Library/MCU/Mutatus/M5P1_MuProkaron/Project/ECLIPSE-GCC-STM32F767IGT6-RVM/../../../M0P0_Library/STM32Cube_FW_F7_V1.11.0/Drivers/STM32F7xx_HAL_Driver/Inc/Conf" -I"/media/pry/Code/Code_Library/MCU/Mutatus/M5P1_MuProkaron/Project/ECLIPSE-GCC-STM32F767IGT6-RVM/../../../M0P0_Library/STM32Cube_FW_F7_V1.11.0/Drivers/CMSIS/Device/ST/STM32F7xx/Include" -I"/media/pry/Code/Code_Library/MCU/Mutatus/M5P1_MuProkaron/Project/ECLIPSE-GCC-STM32F767IGT6-RVM/../../../M0P0_Library/STM32Cube_FW_F7_V1.11.0/Drivers/CMSIS/Include" -I"/media/pry/Code/Code_Library/MCU/Mutatus/M5P1_MuProkaron/Project/ECLIPSE-GCC-STM32F767IGT6-RVM/../../../M7M2_MuAmmonite/MAmmonite/Guest/CortexM" -O3 -g3 -Wall -mcpu=cortex-m7 -mthumb -mfpu=fpv4-sp-d16 -mfloat-abi=softfp -mno-unaligned-access -c -fmessage-length=0 -ffreestanding  -fomit-frame-pointer -ffunction-sections -fdata-sections -fno-strict-aliasing -MMD -MP -MF"Lib/rvm_guest_cmx.d" -MT"Lib/rvm_guest_cmx.o" -o "Lib/rvm_guest_cmx.o" "/media/pry/Code/Code_Library/MCU/Mutatus/M7M2_MuAmmonite/MAmmonite/Guest/CortexM/rvm_guest_cmx.c"
Finished building: /media/pry/Code/Code_Library/MCU/Mutatus/M7M2_MuAmmonite/MAmmonite/Guest/CortexM/rvm_guest_cmx.c
 
Building file: /media/pry/Code/Code_Library/MCU/Mutatus/M7M2_MuAmmonite/MAmmonite/Guest/CortexM/rvm_guest_cmx_asm_gcc.S
Invoking: Cross GCC Assembler
arm-none-eabi-gcc -mcpu=cortex-m7 -mthumb -mfpu=fpv4-sp-d16 -mfloat-abi=softfp -c -o "Lib/rvm_guest_cmx_asm_gcc.o" "/media/pry/Code/Code_Library/MCU/Mutatus/M7M2_MuAmmonite/MAmmonite/Guest/CortexM/rvm_guest_cmx_asm_gcc.S"
Finished building: /media/pry/Code/Code_Library/MCU/Mutatus/M7M2_MuAmmonite/MAmmonite/Guest/CortexM/rvm_guest_cmx_asm_gcc.S
 
Building file: /media/pry/Code/Code_Library/MCU/Mutatus/M5P1_MuProkaron/MProkaron/Kernel/rmp_kernel.c
Invoking: Cross GCC Compiler
arm-none-eabi-gcc -DSTM32F767xx -DUSE_HAL_DRIVER -I"/media/pry/Code/Code_Library/MCU/Mutatus/M5P1_MuProkaron/Project/ECLIPSE-GCC-STM32F767IGT6-RVM/../../MProkaron/Include" -I"/media/pry/Code/Code_Library/MCU/Mutatus/M5P1_MuProkaron/Project/ECLIPSE-GCC-STM32F767IGT6-RVM/../../MProkaron/Include/Platform/CortexM_RVM" -I"/media/pry/Code/Code_Library/MCU/Mutatus/M5P1_MuProkaron/Project/ECLIPSE-GCC-STM32F767IGT6-RVM/../../../M0P0_Library/STM32Cube_FW_F7_V1.11.0/Drivers/STM32F7xx_HAL_Driver/Inc" -I"/media/pry/Code/Code_Library/MCU/Mutatus/M5P1_MuProkaron/Project/ECLIPSE-GCC-STM32F767IGT6-RVM/../../../M0P0_Library/STM32Cube_FW_F7_V1.11.0/Drivers/STM32F7xx_HAL_Driver/Inc/Conf" -I"/media/pry/Code/Code_Library/MCU/Mutatus/M5P1_MuProkaron/Project/ECLIPSE-GCC-STM32F767IGT6-RVM/../../../M0P0_Library/STM32Cube_FW_F7_V1.11.0/Drivers/CMSIS/Device/ST/STM32F7xx/Include" -I"/media/pry/Code/Code_Library/MCU/Mutatus/M5P1_MuProkaron/Project/ECLIPSE-GCC-STM32F767IGT6-RVM/../../../M0P0_Library/STM32Cube_FW_F7_V1.11.0/Drivers/CMSIS/Include" -I"/media/pry/Code/Code_Library/MCU/Mutatus/M5P1_MuProkaron/Project/ECLIPSE-GCC-STM32F767IGT6-RVM/../../../M7M2_MuAmmonite/MAmmonite/Guest/CortexM" -O3 -g3 -Wall -mcpu=cortex-m7 -mthumb -mfpu=fpv4-sp-d16 -mfloat-abi=softfp -mno-unaligned-access -c -fmessage-length=0 -ffreestanding  -fomit-frame-pointer -ffunction-sections -fdata-sections -fno-strict-aliasing -MMD -MP -MF"Kernel/rmp_kernel.d" -MT"Kernel/rmp_kernel.o" -o "Kernel/rmp_kernel.o" "/media/pry/Code/Code_Library/MCU/Mutatus/M5P1_MuProkaron/MProkaron/Kernel/rmp_kernel.c"
Finished building: /media/pry/Code/Code_Library/MCU/Mutatus/M5P1_MuProkaron/MProkaron/Kernel/rmp_kernel.c
 
Building target: RMP
Invoking: Cross GCC Linker
arm-none-eabi-gcc -mcpu=cortex-m7 -mthumb -mfpu=fpv4-sp-d16 -mfloat-abi=softfp -mno-unaligned-access -Xlinker -m -Xlinker armelf -Xlinker -T -Xlinker  /media/pry/Code/Code_Library/MCU/Mutatus/M5P1_MuProkaron/Project/ECLIPSE-GCC-STM32F767IGT6-RVM/RMP/rmp_platform_STM32F767IG_RVM.ld -Xlinker --gc-sections -Xlinker -Map=RMP.map -o "RMP"  ./User/rmp_test.o  ./Platform/rmp_platform_cmx_rvm.o ./Platform/rmp_platform_cmx_rvm_asm_gcc.o  ./Lib/rvm_guest_cmx.o ./Lib/rvm_guest_cmx_asm_gcc.o  ./Kernel/rmp_kernel.o   
Finished building target: RMP
 
make --no-print-directory post-build
../image.sh
Size of programming file: 9256 8-bit words.
 

21:20:35 Build Finished. 0 errors, 0 warnings. (took 1s.518ms)

