


ARM Macro Assembler    Page 1 


    1 00000000         ;/******************************************************
                       ************************
    2 00000000         ;* Copyright (C) 2018, Huada Semiconductor Co.,Ltd All r
                       ights reserved.
    3 00000000         ;*
    4 00000000         ;* This software is owned and published by:
    5 00000000         ;* Huada Semiconductor Co.,Ltd ("HDSC").
    6 00000000         ;*
    7 00000000         ;* BY DOWNLOADING, INSTALLING OR USING THIS SOFTWARE, YO
                       U AGREE TO BE BOUND
    8 00000000         ;* BY ALL THE TERMS AND CONDITIONS OF THIS AGREEMENT.
    9 00000000         ;*
   10 00000000         ;* This software contains source code for use with HDSC
   11 00000000         ;* components. This software is licensed by HDSC to be a
                       dapted only
   12 00000000         ;* for use in systems utilizing HDSC components. HDSC sh
                       all not be
   13 00000000         ;* responsible for misuse or illegal use of this softwar
                       e for devices not
   14 00000000         ;* supported herein. HDSC is providing this software "AS
                        IS" and will
   15 00000000         ;* not be responsible for issues arising from incorrect 
                       user implementation
   16 00000000         ;* of the software.
   17 00000000         ;*
   18 00000000         ;* Disclaimer:
   19 00000000         ;* HDSC MAKES NO WARRANTY, EXPRESS OR IMPLIED, ARISING B
                       Y LAW OR OTHERWISE,
   20 00000000         ;* REGARDING THE SOFTWARE (INCLUDING ANY ACOOMPANYING WR
                       ITTEN MATERIALS),
   21 00000000         ;* ITS PERFORMANCE OR SUITABILITY FOR YOUR INTENDED USE,
                        INCLUDING,
   22 00000000         ;* WITHOUT LIMITATION, THE IMPLIED WARRANTY OF MERCHANTA
                       BILITY, THE IMPLIED
   23 00000000         ;* WARRANTY OF FITNESS FOR A PARTICULAR PURPOSE OR USE, 
                       AND THE IMPLIED
   24 00000000         ;* WARRANTY OF NONINFRINGEMENT.
   25 00000000         ;* HDSC SHALL HAVE NO LIABILITY (WHETHER IN CONTRACT, WA
                       RRANTY, TORT,
   26 00000000         ;* NEGLIGENCE OR OTHERWISE) FOR ANY DAMAGES WHATSOEVER (
                       INCLUDING, WITHOUT
   27 00000000         ;* LIMITATION, DAMAGES FOR LOSS OF BUSINESS PROFITS, BUS
                       INESS INTERRUPTION,
   28 00000000         ;* LOSS OF BUSINESS INFORMATION, OR OTHER PECUNIARY LOSS
                       ) ARISING FROM USE OR
   29 00000000         ;* INABILITY TO USE THE SOFTWARE, INCLUDING, WITHOUT LIM
                       ITATION, ANY DIRECT,
   30 00000000         ;* INDIRECT, INCIDENTAL, SPECIAL OR CONSEQUENTIAL DAMAGE
                       S OR LOSS OF DATA,
   31 00000000         ;* SAVINGS OR PROFITS,
   32 00000000         ;* EVEN IF Disclaimer HAS BEEN ADVISED OF THE POSSIBILIT
                       Y OF SUCH DAMAGES.
   33 00000000         ;* YOU ASSUME ALL RESPONSIBILITIES FOR SELECTION OF THE 
                       SOFTWARE TO ACHIEVE YOUR
   34 00000000         ;* INTENDED RESULTS, AND FOR THE INSTALLATION OF, USE OF
                       , AND RESULTS OBTAINED
   35 00000000         ;* FROM, THE SOFTWARE.
   36 00000000         ;*
   37 00000000         ;* This software may be replicated in part or whole for 



ARM Macro Assembler    Page 2 


                       the licensed use,
   38 00000000         ;* with the restriction that this Disclaimer and Copyrig
                       ht notice must be
   39 00000000         ;* included with each copy of this software, whether use
                       d in part or whole,
   40 00000000         ;* at all times.
   41 00000000         ;*/
   42 00000000         ;/******************************************************
                       ***********************/
   43 00000000         
   44 00000000         ;/******************************************************
                       ***********************/
   45 00000000         ;/*  Startup for ARM                                    
                                             */
   46 00000000         ;/*  Version     V1.0                                   
                                             */
   47 00000000         ;/*  Date        2018-03-09                             
                                             */
   48 00000000         ;/*  Target-mcu  {HC32L13X}                             
                                             */
   49 00000000         ;/******************************************************
                       ***********************/
   50 00000000         
   51 00000000         ; Stack Configuration
   52 00000000         ; Stack Size (in Bytes) <0x0-0xFFFFFFFF:8>
   53 00000000         
   54 00000000 00000040 
                       Stack_Size
                               EQU              0x00000040
   55 00000000         
   56 00000000                 AREA             STACK, NOINIT, READWRITE, ALIGN
=3
   57 00000000         Stack_Mem
                               SPACE            Stack_Size
   58 00000040         __initial_sp
   59 00000040         
   60 00000040         
   61 00000040         ; Heap Configuration
   62 00000040         ;  Heap Size (in Bytes) <0x0-0xFFFFFFFF:8>
   63 00000040         
   64 00000040 00000000 
                       Heap_Size
                               EQU              0x00000000
   65 00000040         
   66 00000040                 AREA             HEAP, NOINIT, READWRITE, ALIGN=
3
   67 00000000         __heap_base
   68 00000000         Heap_Mem
                               SPACE            Heap_Size
   69 00000000         __heap_limit
   70 00000000         
   71 00000000         
   72 00000000                 PRESERVE8
   73 00000000                 THUMB
   74 00000000         
   75 00000000         
   76 00000000         ; Vector Table Mapped to Address 0 at Reset
   77 00000000         
   78 00000000                 AREA             RESET, DATA, READONLY



ARM Macro Assembler    Page 3 


   79 00000000                 EXPORT           __Vectors
   80 00000000                 EXPORT           __Vectors_End
   81 00000000                 EXPORT           __Vectors_Size
   82 00000000         
   83 00000000         __Vectors
   84 00000000 00000000        DCD              __initial_sp ; Top of Stack
   85 00000004 00000000        DCD              Reset_Handler ; Reset        
   86 00000008 00000000        DCD              NMI_Handler ; NMI
   87 0000000C 00000000        DCD              HardFault_Handler ; Hard Fault
   88 00000010 00000000        DCD              0           ; Reserved
   89 00000014 00000000        DCD              0           ; Reserved
   90 00000018 00000000        DCD              0           ; Reserved
   91 0000001C 00000000        DCD              0           ; Reserved
   92 00000020 00000000        DCD              0           ; Reserved
   93 00000024 00000000        DCD              0           ; Reserved
   94 00000028 00000000        DCD              0           ; Reserved
   95 0000002C 00000000        DCD              SVC_Handler ; SVCall
   96 00000030 00000000        DCD              0           ; Reserved
   97 00000034 00000000        DCD              0           ; Reserved
   98 00000038 00000000        DCD              PendSV_Handler ; PendSV
   99 0000003C 00000000        DCD              SysTick_Handler ; SysTick
  100 00000040         
  101 00000040 00000000        DCD              PORTA_IRQHandler
  102 00000044 00000000        DCD              PORTB_IRQHandler
  103 00000048 00000000        DCD              PORTC_IRQHandler
  104 0000004C 00000000        DCD              PORTD_IRQHandler
  105 00000050 00000000        DCD              DMAC_IRQHandler
  106 00000054 00000000        DCD              TIM3_IRQHandler
  107 00000058 00000000        DCD              UART0_IRQHandler
  108 0000005C 00000000        DCD              UART1_IRQHandler
  109 00000060 00000000        DCD              LPUART0_IRQHandler
  110 00000064 00000000        DCD              LPUART1_IRQHandler
  111 00000068 00000000        DCD              SPI0_IRQHandler
  112 0000006C 00000000        DCD              SPI1_IRQHandler
  113 00000070 00000000        DCD              I2C0_IRQHandler
  114 00000074 00000000        DCD              I2C1_IRQHandler
  115 00000078 00000000        DCD              TIM0_IRQHandler
  116 0000007C 00000000        DCD              TIM1_IRQHandler
  117 00000080 00000000        DCD              TIM2_IRQHandler
  118 00000084 00000000        DCD              LPTIM_IRQHandler
  119 00000088 00000000        DCD              TIM4_IRQHandler
  120 0000008C 00000000        DCD              TIM5_IRQHandler
  121 00000090 00000000        DCD              TIM6_IRQHandler
  122 00000094 00000000        DCD              PCA_IRQHandler
  123 00000098 00000000        DCD              WDT_IRQHandler
  124 0000009C 00000000        DCD              RTC_IRQHandler
  125 000000A0 00000000        DCD              ADC_IRQHandler
  126 000000A4 00000000        DCD              PCNT_IRQHandler
  127 000000A8 00000000        DCD              VC0_IRQHandler
  128 000000AC 00000000        DCD              VC1_IRQHandler
  129 000000B0 00000000        DCD              LVD_IRQHandler
  130 000000B4 00000000        DCD              LCD_IRQHandler
  131 000000B8 00000000        DCD              EF_RAM_IRQHandler
  132 000000BC 00000000        DCD              CLKTRIM_IRQHandler
  133 000000C0         
  134 000000C0         
  135 000000C0         
  136 000000C0         __Vectors_End
  137 000000C0         



ARM Macro Assembler    Page 4 


  138 000000C0 000000C0 
                       __Vectors_Size
                               EQU              __Vectors_End - __Vectors
  139 000000C0         
  140 000000C0                 AREA             |.text|, CODE, READONLY
  141 00000000         
  142 00000000         
  143 00000000         ; Reset Handler
  144 00000000         
  145 00000000         Reset_Handler
                               PROC
  146 00000000                 EXPORT           Reset_Handler             [WEAK
]
  147 00000000                 IMPORT           SystemInit
  148 00000000                 IMPORT           __main
  149 00000000         
  150 00000000         ;reset NVIC if in rom debug
  151 00000000 4809            LDR              R0, =0x20000000
  152 00000002 4A0A            LDR              R2, =0x0
  153 00000004 2100            MOVS             R1, #0      ; for warning, 
  154 00000006 A100            ADD              R1, PC,#0   ; for A1609W, 
  155 00000008 4281            CMP              R1, R0
  156 0000000A D900            BLS              RAMCODE
  157 0000000C         
  158 0000000C         ; ram code base address. 
  159 0000000C 4402            ADD              R2, R0,R2
  160 0000000E         RAMCODE
  161 0000000E         ; reset Vector table address.
  162 0000000E 4808            LDR              R0, =0xE000ED08
  163 00000010 6002            STR              R2, [R0]
  164 00000012         
  165 00000012 4808            LDR              R0, =SystemInit
  166 00000014 4780            BLX              R0
  167 00000016 4808            LDR              R0, =__main
  168 00000018 4700            BX               R0
  169 0000001A                 ENDP
  170 0000001A         
  171 0000001A         
  172 0000001A         ; Dummy Exception Handlers (infinite loops which can be 
                       modified)
  173 0000001A         
  174 0000001A         NMI_Handler
                               PROC
  175 0000001A                 EXPORT           NMI_Handler               [WEAK
]
  176 0000001A E7FE            B                .
  177 0000001C                 ENDP
  178 0000001C         
  179 0000001C         
  181 0000001C         HardFault_Handler
                               PROC
  182 0000001C                 EXPORT           HardFault_Handler         [WEAK
]
  183 0000001C E7FE            B                .
  184 0000001E                 ENDP
  185 0000001E         SVC_Handler
                               PROC
  186 0000001E                 EXPORT           SVC_Handler               [WEAK
]



ARM Macro Assembler    Page 5 


  187 0000001E E7FE            B                .
  188 00000020                 ENDP
  189 00000020         PendSV_Handler
                               PROC
  190 00000020                 EXPORT           PendSV_Handler            [WEAK
]
  191 00000020 E7FE            B                .
  192 00000022                 ENDP
  193 00000022         SysTick_Handler
                               PROC
  194 00000022                 EXPORT           SysTick_Handler           [WEAK
]
  195 00000022 E7FE            B                .
  196 00000024                 ENDP
  197 00000024         
  198 00000024         Default_Handler
                               PROC
  199 00000024                 EXPORT           PORTA_IRQHandler               
 [WEAK]
  200 00000024                 EXPORT           PORTB_IRQHandler               
 [WEAK]
  201 00000024                 EXPORT           PORTC_IRQHandler               
 [WEAK]
  202 00000024                 EXPORT           PORTD_IRQHandler               
 [WEAK]
  203 00000024                 EXPORT           DMAC_IRQHandler                
 [WEAK]
  204 00000024                 EXPORT           TIM3_IRQHandler                
 [WEAK]
  205 00000024                 EXPORT           UART0_IRQHandler               
 [WEAK]
  206 00000024                 EXPORT           UART1_IRQHandler               
 [WEAK]
  207 00000024                 EXPORT           LPUART0_IRQHandler             
 [WEAK]
  208 00000024                 EXPORT           LPUART1_IRQHandler             
 [WEAK]
  209 00000024                 EXPORT           SPI0_IRQHandler                
 [WEAK]
  210 00000024                 EXPORT           SPI1_IRQHandler                
 [WEAK]
  211 00000024                 EXPORT           I2C0_IRQHandler                
 [WEAK]
  212 00000024                 EXPORT           I2C1_IRQHandler                
 [WEAK]
  213 00000024                 EXPORT           TIM0_IRQHandler                
 [WEAK]
  214 00000024                 EXPORT           TIM1_IRQHandler                
 [WEAK]
  215 00000024                 EXPORT           TIM2_IRQHandler                
 [WEAK]
  216 00000024                 EXPORT           LPTIM_IRQHandler               
 [WEAK]
  217 00000024                 EXPORT           TIM4_IRQHandler                
 [WEAK]
  218 00000024                 EXPORT           TIM5_IRQHandler                
 [WEAK]
  219 00000024                 EXPORT           TIM6_IRQHandler                
 [WEAK]



ARM Macro Assembler    Page 6 


  220 00000024                 EXPORT           PCA_IRQHandler                 
 [WEAK]
  221 00000024                 EXPORT           WDT_IRQHandler                 
 [WEAK]
  222 00000024                 EXPORT           RTC_IRQHandler                 
 [WEAK]
  223 00000024                 EXPORT           ADC_IRQHandler                 
 [WEAK]
  224 00000024                 EXPORT           PCNT_IRQHandler                
 [WEAK]
  225 00000024                 EXPORT           VC0_IRQHandler                 
 [WEAK]
  226 00000024                 EXPORT           VC1_IRQHandler                 
 [WEAK]
  227 00000024                 EXPORT           LVD_IRQHandler                 
 [WEAK]
  228 00000024                 EXPORT           LCD_IRQHandler                 
 [WEAK]
  229 00000024                 EXPORT           EF_RAM_IRQHandler              
 [WEAK]
  230 00000024                 EXPORT           CLKTRIM_IRQHandler             
 [WEAK]
  231 00000024         PORTA_IRQHandler
  232 00000024         PORTB_IRQHandler
  233 00000024         PORTC_IRQHandler
  234 00000024         PORTD_IRQHandler
  235 00000024         DMAC_IRQHandler
  236 00000024         TIM3_IRQHandler
  237 00000024         UART0_IRQHandler
  238 00000024         UART1_IRQHandler
  239 00000024         LPUART0_IRQHandler
  240 00000024         LPUART1_IRQHandler
  241 00000024         SPI0_IRQHandler
  242 00000024         SPI1_IRQHandler
  243 00000024         I2C0_IRQHandler
  244 00000024         I2C1_IRQHandler
  245 00000024         TIM0_IRQHandler
  246 00000024         TIM1_IRQHandler
  247 00000024         TIM2_IRQHandler
  248 00000024         LPTIM_IRQHandler
  249 00000024         TIM4_IRQHandler
  250 00000024         TIM5_IRQHandler
  251 00000024         TIM6_IRQHandler
  252 00000024         PCA_IRQHandler
  253 00000024         WDT_IRQHandler
  254 00000024         RTC_IRQHandler
  255 00000024         ADC_IRQHandler
  256 00000024         PCNT_IRQHandler
  257 00000024         VC0_IRQHandler
  258 00000024         VC1_IRQHandler
  259 00000024         LVD_IRQHandler
  260 00000024         LCD_IRQHandler
  261 00000024         EF_RAM_IRQHandler
  262 00000024         CLKTRIM_IRQHandler
  263 00000024         
  264 00000024         
  265 00000024 E7FE            B                .
  266 00000026         
  267 00000026                 ENDP



ARM Macro Assembler    Page 7 


  268 00000026         
  269 00000026         
  270 00000026 00 00           ALIGN
  271 00000028         
  272 00000028         
  273 00000028         ; User Initial Stack & Heap
  274 00000028         
  275 00000028                 IF               :DEF:__MICROLIB
  276 00000028         
  277 00000028                 EXPORT           __initial_sp
  278 00000028                 EXPORT           __heap_base
  279 00000028                 EXPORT           __heap_limit
  280 00000028         
  281 00000028                 ELSE
  295                          ENDIF
  296 00000028         
  297 00000028         
  298 00000028                 END
              20000000 
              00000000 
              E000ED08 
              00000000 
              00000000 
Command Line: --debug --xref --diag_suppress=9931 --cpu=Cortex-M0+ --apcs=inter
work --depend=.\debug\output\startup_hc32l13x.d -o.\debug\output\startup_hc32l1
3x.o -IF:\Code_Library\MCU\Mutatus\M5P1_MuProkaron\Project\RVMDK-HC32L136K8TA\R
TE -ID:\Program_Files_x86\Keil_v5\ARM\PACK\ARM\CMSIS\5.3.0\CMSIS\Include -ID:\P
rogram_Files_x86\Keil_v5\ARM\PACK\HDSC\HC32L13X\1.0.0\Device\Include --predefin
e="__MICROLIB SETA 1" --predefine="__UVISION_VERSION SETA 520" --predefine="_RT
E_ SETA 1" --list=.\debug\listings\startup_hc32l13x.lst ..\..\..\M0P0_Library\H
C32L13X_DDL_V1.0\mcu\common\startup_hc32l13x.s



ARM Macro Assembler    Page 1 Alphabetic symbol ordering
Relocatable symbols

STACK 00000000

Symbol: STACK
   Definitions
      At line 56 in file ..\..\..\M0P0_Library\HC32L13X_DDL_V1.0\mcu\common\sta
rtup_hc32l13x.s
   Uses
      None
Comment: STACK unused
Stack_Mem 00000000

Symbol: Stack_Mem
   Definitions
      At line 57 in file ..\..\..\M0P0_Library\HC32L13X_DDL_V1.0\mcu\common\sta
rtup_hc32l13x.s
   Uses
      None
Comment: Stack_Mem unused
__initial_sp 00000040

Symbol: __initial_sp
   Definitions
      At line 58 in file ..\..\..\M0P0_Library\HC32L13X_DDL_V1.0\mcu\common\sta
rtup_hc32l13x.s
   Uses
      At line 84 in file ..\..\..\M0P0_Library\HC32L13X_DDL_V1.0\mcu\common\sta
rtup_hc32l13x.s
      At line 277 in file ..\..\..\M0P0_Library\HC32L13X_DDL_V1.0\mcu\common\st
artup_hc32l13x.s

3 symbols



ARM Macro Assembler    Page 1 Alphabetic symbol ordering
Relocatable symbols

HEAP 00000000

Symbol: HEAP
   Definitions
      At line 66 in file ..\..\..\M0P0_Library\HC32L13X_DDL_V1.0\mcu\common\sta
rtup_hc32l13x.s
   Uses
      None
Comment: HEAP unused
Heap_Mem 00000000

Symbol: Heap_Mem
   Definitions
      At line 68 in file ..\..\..\M0P0_Library\HC32L13X_DDL_V1.0\mcu\common\sta
rtup_hc32l13x.s
   Uses
      None
Comment: Heap_Mem unused
__heap_base 00000000

Symbol: __heap_base
   Definitions
      At line 67 in file ..\..\..\M0P0_Library\HC32L13X_DDL_V1.0\mcu\common\sta
rtup_hc32l13x.s
   Uses
      At line 278 in file ..\..\..\M0P0_Library\HC32L13X_DDL_V1.0\mcu\common\st
artup_hc32l13x.s
Comment: __heap_base used once
__heap_limit 00000000

Symbol: __heap_limit
   Definitions
      At line 69 in file ..\..\..\M0P0_Library\HC32L13X_DDL_V1.0\mcu\common\sta
rtup_hc32l13x.s
   Uses
      At line 279 in file ..\..\..\M0P0_Library\HC32L13X_DDL_V1.0\mcu\common\st
artup_hc32l13x.s
Comment: __heap_limit used once
4 symbols



ARM Macro Assembler    Page 1 Alphabetic symbol ordering
Relocatable symbols

RESET 00000000

Symbol: RESET
   Definitions
      At line 78 in file ..\..\..\M0P0_Library\HC32L13X_DDL_V1.0\mcu\common\sta
rtup_hc32l13x.s
   Uses
      None
Comment: RESET unused
__Vectors 00000000

Symbol: __Vectors
   Definitions
      At line 83 in file ..\..\..\M0P0_Library\HC32L13X_DDL_V1.0\mcu\common\sta
rtup_hc32l13x.s
   Uses
      At line 79 in file ..\..\..\M0P0_Library\HC32L13X_DDL_V1.0\mcu\common\sta
rtup_hc32l13x.s
      At line 138 in file ..\..\..\M0P0_Library\HC32L13X_DDL_V1.0\mcu\common\st
artup_hc32l13x.s

__Vectors_End 000000C0

Symbol: __Vectors_End
   Definitions
      At line 136 in file ..\..\..\M0P0_Library\HC32L13X_DDL_V1.0\mcu\common\st
artup_hc32l13x.s
   Uses
      At line 80 in file ..\..\..\M0P0_Library\HC32L13X_DDL_V1.0\mcu\common\sta
rtup_hc32l13x.s
      At line 138 in file ..\..\..\M0P0_Library\HC32L13X_DDL_V1.0\mcu\common\st
artup_hc32l13x.s

3 symbols



ARM Macro Assembler    Page 1 Alphabetic symbol ordering
Relocatable symbols

.text 00000000

Symbol: .text
   Definitions
      At line 140 in file ..\..\..\M0P0_Library\HC32L13X_DDL_V1.0\mcu\common\st
artup_hc32l13x.s
   Uses
      None
Comment: .text unused
ADC_IRQHandler 00000024

Symbol: ADC_IRQHandler
   Definitions
      At line 255 in file ..\..\..\M0P0_Library\HC32L13X_DDL_V1.0\mcu\common\st
artup_hc32l13x.s
   Uses
      At line 125 in file ..\..\..\M0P0_Library\HC32L13X_DDL_V1.0\mcu\common\st
artup_hc32l13x.s
      At line 223 in file ..\..\..\M0P0_Library\HC32L13X_DDL_V1.0\mcu\common\st
artup_hc32l13x.s

CLKTRIM_IRQHandler 00000024

Symbol: CLKTRIM_IRQHandler
   Definitions
      At line 262 in file ..\..\..\M0P0_Library\HC32L13X_DDL_V1.0\mcu\common\st
artup_hc32l13x.s
   Uses
      At line 132 in file ..\..\..\M0P0_Library\HC32L13X_DDL_V1.0\mcu\common\st
artup_hc32l13x.s
      At line 230 in file ..\..\..\M0P0_Library\HC32L13X_DDL_V1.0\mcu\common\st
artup_hc32l13x.s

DMAC_IRQHandler 00000024

Symbol: DMAC_IRQHandler
   Definitions
      At line 235 in file ..\..\..\M0P0_Library\HC32L13X_DDL_V1.0\mcu\common\st
artup_hc32l13x.s
   Uses
      At line 105 in file ..\..\..\M0P0_Library\HC32L13X_DDL_V1.0\mcu\common\st
artup_hc32l13x.s
      At line 203 in file ..\..\..\M0P0_Library\HC32L13X_DDL_V1.0\mcu\common\st
artup_hc32l13x.s

Default_Handler 00000024

Symbol: Default_Handler
   Definitions
      At line 198 in file ..\..\..\M0P0_Library\HC32L13X_DDL_V1.0\mcu\common\st
artup_hc32l13x.s
   Uses
      None
Comment: Default_Handler unused
EF_RAM_IRQHandler 00000024

Symbol: EF_RAM_IRQHandler
   Definitions
      At line 261 in file ..\..\..\M0P0_Library\HC32L13X_DDL_V1.0\mcu\common\st



ARM Macro Assembler    Page 2 Alphabetic symbol ordering
Relocatable symbols

artup_hc32l13x.s
   Uses
      At line 131 in file ..\..\..\M0P0_Library\HC32L13X_DDL_V1.0\mcu\common\st
artup_hc32l13x.s
      At line 229 in file ..\..\..\M0P0_Library\HC32L13X_DDL_V1.0\mcu\common\st
artup_hc32l13x.s

HardFault_Handler 0000001C

Symbol: HardFault_Handler
   Definitions
      At line 181 in file ..\..\..\M0P0_Library\HC32L13X_DDL_V1.0\mcu\common\st
artup_hc32l13x.s
   Uses
      At line 87 in file ..\..\..\M0P0_Library\HC32L13X_DDL_V1.0\mcu\common\sta
rtup_hc32l13x.s
      At line 182 in file ..\..\..\M0P0_Library\HC32L13X_DDL_V1.0\mcu\common\st
artup_hc32l13x.s

I2C0_IRQHandler 00000024

Symbol: I2C0_IRQHandler
   Definitions
      At line 243 in file ..\..\..\M0P0_Library\HC32L13X_DDL_V1.0\mcu\common\st
artup_hc32l13x.s
   Uses
      At line 113 in file ..\..\..\M0P0_Library\HC32L13X_DDL_V1.0\mcu\common\st
artup_hc32l13x.s
      At line 211 in file ..\..\..\M0P0_Library\HC32L13X_DDL_V1.0\mcu\common\st
artup_hc32l13x.s

I2C1_IRQHandler 00000024

Symbol: I2C1_IRQHandler
   Definitions
      At line 244 in file ..\..\..\M0P0_Library\HC32L13X_DDL_V1.0\mcu\common\st
artup_hc32l13x.s
   Uses
      At line 114 in file ..\..\..\M0P0_Library\HC32L13X_DDL_V1.0\mcu\common\st
artup_hc32l13x.s
      At line 212 in file ..\..\..\M0P0_Library\HC32L13X_DDL_V1.0\mcu\common\st
artup_hc32l13x.s

LCD_IRQHandler 00000024

Symbol: LCD_IRQHandler
   Definitions
      At line 260 in file ..\..\..\M0P0_Library\HC32L13X_DDL_V1.0\mcu\common\st
artup_hc32l13x.s
   Uses
      At line 130 in file ..\..\..\M0P0_Library\HC32L13X_DDL_V1.0\mcu\common\st
artup_hc32l13x.s
      At line 228 in file ..\..\..\M0P0_Library\HC32L13X_DDL_V1.0\mcu\common\st
artup_hc32l13x.s

LPTIM_IRQHandler 00000024

Symbol: LPTIM_IRQHandler
   Definitions



ARM Macro Assembler    Page 3 Alphabetic symbol ordering
Relocatable symbols

      At line 248 in file ..\..\..\M0P0_Library\HC32L13X_DDL_V1.0\mcu\common\st
artup_hc32l13x.s
   Uses
      At line 118 in file ..\..\..\M0P0_Library\HC32L13X_DDL_V1.0\mcu\common\st
artup_hc32l13x.s
      At line 216 in file ..\..\..\M0P0_Library\HC32L13X_DDL_V1.0\mcu\common\st
artup_hc32l13x.s

LPUART0_IRQHandler 00000024

Symbol: LPUART0_IRQHandler
   Definitions
      At line 239 in file ..\..\..\M0P0_Library\HC32L13X_DDL_V1.0\mcu\common\st
artup_hc32l13x.s
   Uses
      At line 109 in file ..\..\..\M0P0_Library\HC32L13X_DDL_V1.0\mcu\common\st
artup_hc32l13x.s
      At line 207 in file ..\..\..\M0P0_Library\HC32L13X_DDL_V1.0\mcu\common\st
artup_hc32l13x.s

LPUART1_IRQHandler 00000024

Symbol: LPUART1_IRQHandler
   Definitions
      At line 240 in file ..\..\..\M0P0_Library\HC32L13X_DDL_V1.0\mcu\common\st
artup_hc32l13x.s
   Uses
      At line 110 in file ..\..\..\M0P0_Library\HC32L13X_DDL_V1.0\mcu\common\st
artup_hc32l13x.s
      At line 208 in file ..\..\..\M0P0_Library\HC32L13X_DDL_V1.0\mcu\common\st
artup_hc32l13x.s

LVD_IRQHandler 00000024

Symbol: LVD_IRQHandler
   Definitions
      At line 259 in file ..\..\..\M0P0_Library\HC32L13X_DDL_V1.0\mcu\common\st
artup_hc32l13x.s
   Uses
      At line 129 in file ..\..\..\M0P0_Library\HC32L13X_DDL_V1.0\mcu\common\st
artup_hc32l13x.s
      At line 227 in file ..\..\..\M0P0_Library\HC32L13X_DDL_V1.0\mcu\common\st
artup_hc32l13x.s

NMI_Handler 0000001A

Symbol: NMI_Handler
   Definitions
      At line 174 in file ..\..\..\M0P0_Library\HC32L13X_DDL_V1.0\mcu\common\st
artup_hc32l13x.s
   Uses
      At line 86 in file ..\..\..\M0P0_Library\HC32L13X_DDL_V1.0\mcu\common\sta
rtup_hc32l13x.s
      At line 175 in file ..\..\..\M0P0_Library\HC32L13X_DDL_V1.0\mcu\common\st
artup_hc32l13x.s

PCA_IRQHandler 00000024

Symbol: PCA_IRQHandler



ARM Macro Assembler    Page 4 Alphabetic symbol ordering
Relocatable symbols

   Definitions
      At line 252 in file ..\..\..\M0P0_Library\HC32L13X_DDL_V1.0\mcu\common\st
artup_hc32l13x.s
   Uses
      At line 122 in file ..\..\..\M0P0_Library\HC32L13X_DDL_V1.0\mcu\common\st
artup_hc32l13x.s
      At line 220 in file ..\..\..\M0P0_Library\HC32L13X_DDL_V1.0\mcu\common\st
artup_hc32l13x.s

PCNT_IRQHandler 00000024

Symbol: PCNT_IRQHandler
   Definitions
      At line 256 in file ..\..\..\M0P0_Library\HC32L13X_DDL_V1.0\mcu\common\st
artup_hc32l13x.s
   Uses
      At line 126 in file ..\..\..\M0P0_Library\HC32L13X_DDL_V1.0\mcu\common\st
artup_hc32l13x.s
      At line 224 in file ..\..\..\M0P0_Library\HC32L13X_DDL_V1.0\mcu\common\st
artup_hc32l13x.s

PORTA_IRQHandler 00000024

Symbol: PORTA_IRQHandler
   Definitions
      At line 231 in file ..\..\..\M0P0_Library\HC32L13X_DDL_V1.0\mcu\common\st
artup_hc32l13x.s
   Uses
      At line 101 in file ..\..\..\M0P0_Library\HC32L13X_DDL_V1.0\mcu\common\st
artup_hc32l13x.s
      At line 199 in file ..\..\..\M0P0_Library\HC32L13X_DDL_V1.0\mcu\common\st
artup_hc32l13x.s

PORTB_IRQHandler 00000024

Symbol: PORTB_IRQHandler
   Definitions
      At line 232 in file ..\..\..\M0P0_Library\HC32L13X_DDL_V1.0\mcu\common\st
artup_hc32l13x.s
   Uses
      At line 102 in file ..\..\..\M0P0_Library\HC32L13X_DDL_V1.0\mcu\common\st
artup_hc32l13x.s
      At line 200 in file ..\..\..\M0P0_Library\HC32L13X_DDL_V1.0\mcu\common\st
artup_hc32l13x.s

PORTC_IRQHandler 00000024

Symbol: PORTC_IRQHandler
   Definitions
      At line 233 in file ..\..\..\M0P0_Library\HC32L13X_DDL_V1.0\mcu\common\st
artup_hc32l13x.s
   Uses
      At line 103 in file ..\..\..\M0P0_Library\HC32L13X_DDL_V1.0\mcu\common\st
artup_hc32l13x.s
      At line 201 in file ..\..\..\M0P0_Library\HC32L13X_DDL_V1.0\mcu\common\st
artup_hc32l13x.s

PORTD_IRQHandler 00000024




ARM Macro Assembler    Page 5 Alphabetic symbol ordering
Relocatable symbols

Symbol: PORTD_IRQHandler
   Definitions
      At line 234 in file ..\..\..\M0P0_Library\HC32L13X_DDL_V1.0\mcu\common\st
artup_hc32l13x.s
   Uses
      At line 104 in file ..\..\..\M0P0_Library\HC32L13X_DDL_V1.0\mcu\common\st
artup_hc32l13x.s
      At line 202 in file ..\..\..\M0P0_Library\HC32L13X_DDL_V1.0\mcu\common\st
artup_hc32l13x.s

PendSV_Handler 00000020

Symbol: PendSV_Handler
   Definitions
      At line 189 in file ..\..\..\M0P0_Library\HC32L13X_DDL_V1.0\mcu\common\st
artup_hc32l13x.s
   Uses
      At line 98 in file ..\..\..\M0P0_Library\HC32L13X_DDL_V1.0\mcu\common\sta
rtup_hc32l13x.s
      At line 190 in file ..\..\..\M0P0_Library\HC32L13X_DDL_V1.0\mcu\common\st
artup_hc32l13x.s

RAMCODE 0000000E

Symbol: RAMCODE
   Definitions
      At line 160 in file ..\..\..\M0P0_Library\HC32L13X_DDL_V1.0\mcu\common\st
artup_hc32l13x.s
   Uses
      At line 156 in file ..\..\..\M0P0_Library\HC32L13X_DDL_V1.0\mcu\common\st
artup_hc32l13x.s
Comment: RAMCODE used once
RTC_IRQHandler 00000024

Symbol: RTC_IRQHandler
   Definitions
      At line 254 in file ..\..\..\M0P0_Library\HC32L13X_DDL_V1.0\mcu\common\st
artup_hc32l13x.s
   Uses
      At line 124 in file ..\..\..\M0P0_Library\HC32L13X_DDL_V1.0\mcu\common\st
artup_hc32l13x.s
      At line 222 in file ..\..\..\M0P0_Library\HC32L13X_DDL_V1.0\mcu\common\st
artup_hc32l13x.s

Reset_Handler 00000000

Symbol: Reset_Handler
   Definitions
      At line 145 in file ..\..\..\M0P0_Library\HC32L13X_DDL_V1.0\mcu\common\st
artup_hc32l13x.s
   Uses
      At line 85 in file ..\..\..\M0P0_Library\HC32L13X_DDL_V1.0\mcu\common\sta
rtup_hc32l13x.s
      At line 146 in file ..\..\..\M0P0_Library\HC32L13X_DDL_V1.0\mcu\common\st
artup_hc32l13x.s

SPI0_IRQHandler 00000024

Symbol: SPI0_IRQHandler



ARM Macro Assembler    Page 6 Alphabetic symbol ordering
Relocatable symbols

   Definitions
      At line 241 in file ..\..\..\M0P0_Library\HC32L13X_DDL_V1.0\mcu\common\st
artup_hc32l13x.s
   Uses
      At line 111 in file ..\..\..\M0P0_Library\HC32L13X_DDL_V1.0\mcu\common\st
artup_hc32l13x.s
      At line 209 in file ..\..\..\M0P0_Library\HC32L13X_DDL_V1.0\mcu\common\st
artup_hc32l13x.s

SPI1_IRQHandler 00000024

Symbol: SPI1_IRQHandler
   Definitions
      At line 242 in file ..\..\..\M0P0_Library\HC32L13X_DDL_V1.0\mcu\common\st
artup_hc32l13x.s
   Uses
      At line 112 in file ..\..\..\M0P0_Library\HC32L13X_DDL_V1.0\mcu\common\st
artup_hc32l13x.s
      At line 210 in file ..\..\..\M0P0_Library\HC32L13X_DDL_V1.0\mcu\common\st
artup_hc32l13x.s

SVC_Handler 0000001E

Symbol: SVC_Handler
   Definitions
      At line 185 in file ..\..\..\M0P0_Library\HC32L13X_DDL_V1.0\mcu\common\st
artup_hc32l13x.s
   Uses
      At line 95 in file ..\..\..\M0P0_Library\HC32L13X_DDL_V1.0\mcu\common\sta
rtup_hc32l13x.s
      At line 186 in file ..\..\..\M0P0_Library\HC32L13X_DDL_V1.0\mcu\common\st
artup_hc32l13x.s

SysTick_Handler 00000022

Symbol: SysTick_Handler
   Definitions
      At line 193 in file ..\..\..\M0P0_Library\HC32L13X_DDL_V1.0\mcu\common\st
artup_hc32l13x.s
   Uses
      At line 99 in file ..\..\..\M0P0_Library\HC32L13X_DDL_V1.0\mcu\common\sta
rtup_hc32l13x.s
      At line 194 in file ..\..\..\M0P0_Library\HC32L13X_DDL_V1.0\mcu\common\st
artup_hc32l13x.s

TIM0_IRQHandler 00000024

Symbol: TIM0_IRQHandler
   Definitions
      At line 245 in file ..\..\..\M0P0_Library\HC32L13X_DDL_V1.0\mcu\common\st
artup_hc32l13x.s
   Uses
      At line 115 in file ..\..\..\M0P0_Library\HC32L13X_DDL_V1.0\mcu\common\st
artup_hc32l13x.s
      At line 213 in file ..\..\..\M0P0_Library\HC32L13X_DDL_V1.0\mcu\common\st
artup_hc32l13x.s

TIM1_IRQHandler 00000024




ARM Macro Assembler    Page 7 Alphabetic symbol ordering
Relocatable symbols

Symbol: TIM1_IRQHandler
   Definitions
      At line 246 in file ..\..\..\M0P0_Library\HC32L13X_DDL_V1.0\mcu\common\st
artup_hc32l13x.s
   Uses
      At line 116 in file ..\..\..\M0P0_Library\HC32L13X_DDL_V1.0\mcu\common\st
artup_hc32l13x.s
      At line 214 in file ..\..\..\M0P0_Library\HC32L13X_DDL_V1.0\mcu\common\st
artup_hc32l13x.s

TIM2_IRQHandler 00000024

Symbol: TIM2_IRQHandler
   Definitions
      At line 247 in file ..\..\..\M0P0_Library\HC32L13X_DDL_V1.0\mcu\common\st
artup_hc32l13x.s
   Uses
      At line 117 in file ..\..\..\M0P0_Library\HC32L13X_DDL_V1.0\mcu\common\st
artup_hc32l13x.s
      At line 215 in file ..\..\..\M0P0_Library\HC32L13X_DDL_V1.0\mcu\common\st
artup_hc32l13x.s

TIM3_IRQHandler 00000024

Symbol: TIM3_IRQHandler
   Definitions
      At line 236 in file ..\..\..\M0P0_Library\HC32L13X_DDL_V1.0\mcu\common\st
artup_hc32l13x.s
   Uses
      At line 106 in file ..\..\..\M0P0_Library\HC32L13X_DDL_V1.0\mcu\common\st
artup_hc32l13x.s
      At line 204 in file ..\..\..\M0P0_Library\HC32L13X_DDL_V1.0\mcu\common\st
artup_hc32l13x.s

TIM4_IRQHandler 00000024

Symbol: TIM4_IRQHandler
   Definitions
      At line 249 in file ..\..\..\M0P0_Library\HC32L13X_DDL_V1.0\mcu\common\st
artup_hc32l13x.s
   Uses
      At line 119 in file ..\..\..\M0P0_Library\HC32L13X_DDL_V1.0\mcu\common\st
artup_hc32l13x.s
      At line 217 in file ..\..\..\M0P0_Library\HC32L13X_DDL_V1.0\mcu\common\st
artup_hc32l13x.s

TIM5_IRQHandler 00000024

Symbol: TIM5_IRQHandler
   Definitions
      At line 250 in file ..\..\..\M0P0_Library\HC32L13X_DDL_V1.0\mcu\common\st
artup_hc32l13x.s
   Uses
      At line 120 in file ..\..\..\M0P0_Library\HC32L13X_DDL_V1.0\mcu\common\st
artup_hc32l13x.s
      At line 218 in file ..\..\..\M0P0_Library\HC32L13X_DDL_V1.0\mcu\common\st
artup_hc32l13x.s

TIM6_IRQHandler 00000024



ARM Macro Assembler    Page 8 Alphabetic symbol ordering
Relocatable symbols


Symbol: TIM6_IRQHandler
   Definitions
      At line 251 in file ..\..\..\M0P0_Library\HC32L13X_DDL_V1.0\mcu\common\st
artup_hc32l13x.s
   Uses
      At line 121 in file ..\..\..\M0P0_Library\HC32L13X_DDL_V1.0\mcu\common\st
artup_hc32l13x.s
      At line 219 in file ..\..\..\M0P0_Library\HC32L13X_DDL_V1.0\mcu\common\st
artup_hc32l13x.s

UART0_IRQHandler 00000024

Symbol: UART0_IRQHandler
   Definitions
      At line 237 in file ..\..\..\M0P0_Library\HC32L13X_DDL_V1.0\mcu\common\st
artup_hc32l13x.s
   Uses
      At line 107 in file ..\..\..\M0P0_Library\HC32L13X_DDL_V1.0\mcu\common\st
artup_hc32l13x.s
      At line 205 in file ..\..\..\M0P0_Library\HC32L13X_DDL_V1.0\mcu\common\st
artup_hc32l13x.s

UART1_IRQHandler 00000024

Symbol: UART1_IRQHandler
   Definitions
      At line 238 in file ..\..\..\M0P0_Library\HC32L13X_DDL_V1.0\mcu\common\st
artup_hc32l13x.s
   Uses
      At line 108 in file ..\..\..\M0P0_Library\HC32L13X_DDL_V1.0\mcu\common\st
artup_hc32l13x.s
      At line 206 in file ..\..\..\M0P0_Library\HC32L13X_DDL_V1.0\mcu\common\st
artup_hc32l13x.s

VC0_IRQHandler 00000024

Symbol: VC0_IRQHandler
   Definitions
      At line 257 in file ..\..\..\M0P0_Library\HC32L13X_DDL_V1.0\mcu\common\st
artup_hc32l13x.s
   Uses
      At line 127 in file ..\..\..\M0P0_Library\HC32L13X_DDL_V1.0\mcu\common\st
artup_hc32l13x.s
      At line 225 in file ..\..\..\M0P0_Library\HC32L13X_DDL_V1.0\mcu\common\st
artup_hc32l13x.s

VC1_IRQHandler 00000024

Symbol: VC1_IRQHandler
   Definitions
      At line 258 in file ..\..\..\M0P0_Library\HC32L13X_DDL_V1.0\mcu\common\st
artup_hc32l13x.s
   Uses
      At line 128 in file ..\..\..\M0P0_Library\HC32L13X_DDL_V1.0\mcu\common\st
artup_hc32l13x.s
      At line 226 in file ..\..\..\M0P0_Library\HC32L13X_DDL_V1.0\mcu\common\st
artup_hc32l13x.s




ARM Macro Assembler    Page 9 Alphabetic symbol ordering
Relocatable symbols

WDT_IRQHandler 00000024

Symbol: WDT_IRQHandler
   Definitions
      At line 253 in file ..\..\..\M0P0_Library\HC32L13X_DDL_V1.0\mcu\common\st
artup_hc32l13x.s
   Uses
      At line 123 in file ..\..\..\M0P0_Library\HC32L13X_DDL_V1.0\mcu\common\st
artup_hc32l13x.s
      At line 221 in file ..\..\..\M0P0_Library\HC32L13X_DDL_V1.0\mcu\common\st
artup_hc32l13x.s

41 symbols



ARM Macro Assembler    Page 1 Alphabetic symbol ordering
Absolute symbols

Heap_Size 00000000

Symbol: Heap_Size
   Definitions
      At line 64 in file ..\..\..\M0P0_Library\HC32L13X_DDL_V1.0\mcu\common\sta
rtup_hc32l13x.s
   Uses
      At line 68 in file ..\..\..\M0P0_Library\HC32L13X_DDL_V1.0\mcu\common\sta
rtup_hc32l13x.s
Comment: Heap_Size used once
Stack_Size 00000040

Symbol: Stack_Size
   Definitions
      At line 54 in file ..\..\..\M0P0_Library\HC32L13X_DDL_V1.0\mcu\common\sta
rtup_hc32l13x.s
   Uses
      At line 57 in file ..\..\..\M0P0_Library\HC32L13X_DDL_V1.0\mcu\common\sta
rtup_hc32l13x.s
Comment: Stack_Size used once
__Vectors_Size 000000C0

Symbol: __Vectors_Size
   Definitions
      At line 138 in file ..\..\..\M0P0_Library\HC32L13X_DDL_V1.0\mcu\common\st
artup_hc32l13x.s
   Uses
      At line 81 in file ..\..\..\M0P0_Library\HC32L13X_DDL_V1.0\mcu\common\sta
rtup_hc32l13x.s
Comment: __Vectors_Size used once
3 symbols



ARM Macro Assembler    Page 1 Alphabetic symbol ordering
External symbols

SystemInit 00000000

Symbol: SystemInit
   Definitions
      At line 147 in file ..\..\..\M0P0_Library\HC32L13X_DDL_V1.0\mcu\common\st
artup_hc32l13x.s
   Uses
      At line 165 in file ..\..\..\M0P0_Library\HC32L13X_DDL_V1.0\mcu\common\st
artup_hc32l13x.s
Comment: SystemInit used once
__main 00000000

Symbol: __main
   Definitions
      At line 148 in file ..\..\..\M0P0_Library\HC32L13X_DDL_V1.0\mcu\common\st
artup_hc32l13x.s
   Uses
      At line 167 in file ..\..\..\M0P0_Library\HC32L13X_DDL_V1.0\mcu\common\st
artup_hc32l13x.s
Comment: __main used once
2 symbols
391 symbols in table
